[2015/5/18 9:43:28] - Starting to fetch ATS On-hand inventory data via calling ATS Web Service...
[2015/5/18 9:43:53] - Done!
[2015/5/18 9:43:53] - Starting to export report file - D:\ATS_Report\ATS_ONHAND_20150518_094353.csv...
[2015/5/18 9:43:54] - Done!
[2015/5/18 15:44:17] - Starting to fetch ATS On-hand inventory data via calling ATS Web Service...
[2015/5/18 15:44:48] - Done!
[2015/5/18 15:44:48] - Starting to export data into report file - D:\ATS_Report\ATS_OnHand_Report_20150518_154448.csv...
[2015/5/18 15:44:50] - Done!
[2015/5/20 10:35:11] - Starting to fetch ATS On-hand inventory data via calling ATS Web Service...
[2015/5/20 10:35:31] - Done!
[2015/5/20 10:35:31] - Starting to export data into report file - D:\ATS_Report\ATS_OnHand_Report_20150520_103531.csv...
[2015/5/20 10:35:32] - Done!
[2015/5/20 10:39:44] - Starting to fetch ATS On-hand inventory data via calling ATS Web Service...
[2015/5/20 10:40:12] - Done!
[2015/5/20 10:40:12] - Starting to export data into report file - D:\ATS_Report\ATS_ONHAND_20150520_104012.csv...
[2015/5/20 10:40:13] - Done!
[2015/5/22 8:41:22] - Starting to fetch ATS On-hand inventory data via calling ATS Web Service...
[2015/5/22 8:41:47] - Done!
[2015/5/22 8:41:47] - Starting to export data into report file - D:\ATS_Report\ATS_ONHAND_20150522_084147.csv...
[2015/5/22 8:41:48] - Done!
[2015/5/22 15:38:27] - Starting to fetch ATS On-hand inventory data via calling ATS Web Service...
[2015/5/22 15:38:50] - Done!
[2015/5/22 15:38:50] - Starting to export data into report file - D:\ATS_Report\ATS_OnHand_Report_20150522_153850.csv...
[2015/5/22 15:38:51] - Done!
[2015/5/22 15:43:53] - Starting to fetch ATS On-hand inventory data via calling ATS Web Service...
[2015/5/22 15:44:14] - Done!
[2015/5/22 15:44:14] - Starting to export data into report file - D:\ATS_Report\ATS_ONHAND_20150522_154414.csv...
[2015/5/22 15:44:16] - Done!
[2015/6/8 13:46:35] - Starting to fetch ATS On-hand inventory data via calling ATS Web Service...
[2015/6/8 13:47:01] - Done!
[2015/6/8 13:47:01] - Starting to export data into report file - D:\ATS_Report\ATS_OnHand_Report_20150608_134701.csv...
[2015/6/8 13:47:01] - Done!
[2015/6/9 13:34:22] - Starting to fetch ATS On-hand inventory data via calling ATS Web Service...
[2015/6/9 13:36:09] - Done!
[2015/6/9 13:36:09] - Starting to export data into report file - D:\ATS_Report\ATS_OnHand_Report_20150609_133609.csv...
[2015/6/9 13:36:10] - Done!
[2015/7/8 15:25:37] - Starting to fetch ATS In-Transit inventory data via calling ATS Web Service..
[2015/7/8 15:26:23] - Done!
[2015/7/8 15:29:47] - Starting to fetch ATS In-Transit inventory data via calling ATS Web Service..
[2015/7/8 15:30:33] - Done!
[2015/7/8 15:31:02] - Starting to export data into report file - D:\ATS_Report\ATS_In-Transit_Report_Wed.csv...
[2015/7/8 15:31:02] - Done!
[2015/7/21 16:20:16] - Starting to fetch ATS In-Transit inventory data via calling ATS Web Service..
[2015/7/21 16:21:05] - Done!
[2015/7/21 16:21:05] - Starting to export data into report file - D:\ATS_Report\ATS_In-Transit_Report_Tue.csv...
[2015/7/21 16:21:05] - Done!
[2015/7/21 16:36:13] - Starting to fetch ATS On-hand inventory data via calling ATS Web Service...
[2015/7/21 16:37:05] - Done!
[2015/7/21 16:37:05] - Starting to export data into report file - D:\ATS_Report\ATS_OnHand_Report_Tue.csv...
[2015/7/21 16:37:06] - Done!
[2015/8/3 11:24:10] - Starting to fetch ATS In-Transit inventory data via calling ATS Web Service..
[2015/8/3 11:24:51] - Done!
[2015/8/3 11:24:51] - Starting to export data into report file - D:\ATS_Report\ATS_In-Transit_Report_Mon.csv...
[2015/8/3 11:24:51] - Done!
[2015/8/5 10:27:38] - Starting to fetch ATS On-hand inventory data with fulfillment center information via calling ATS Web Service...
[2015/8/5 11:04:59] - Starting to fetch ATS On-hand inventory data with fulfillment center information via calling ATS Web Service...
[2015/8/5 11:10:32] - Starting to fetch ATS On-hand inventory data with fulfillment center information via calling ATS Web Service...
[2015/8/5 11:18:48] - Starting to fetch ATS On-hand inventory data with location via calling ATS Web Service...
[2015/8/5 14:02:32] - Starting to fetch ATS On-hand inventory data with location via calling ATS Web Service...
[2015/8/5 14:20:29] - Starting to fetch ATS On-hand inventory data with location via calling ATS Web Service...
[2015/8/5 14:26:11] - Starting to fetch ATS On-hand inventory data with location via calling ATS Web Service...
[2015/8/5 14:48:37] - Starting to fetch ATS On-hand inventory data with location via calling ATS Web Service...
[2015/8/5 15:35:24] - Starting to fetch ATS On-hand inventory data with location via calling ATS Web Service...
[2015/8/5 15:42:00] - Done!
[2015/8/5 16:40:17] - Starting to fetch ATS On-hand inventory data with location via calling ATS Web Service...
[2015/8/5 16:47:02] - Done!
[2015/8/5 16:47:02] - Starting to export data into report file - D:\ATS_Report\ATS_OnhandByLocation_Wed.csv...
[2015/8/5 16:47:02] - Done!
[2015/8/5 16:58:09] - Starting to fetch ATS On-hand inventory data with location via calling ATS Web Service...
[2015/8/5 17:04:38] - Done!
[2015/8/6 8:38:23] - Starting to fetch ATS On-hand inventory data with location via calling ATS Web Service...
[2015/8/6 8:44:49] - Done!
[2015/8/6 8:44:49] - Starting to export data into report file - D:\ATS_Report\ATS_ONHANDBYLOCATION_Thu.csv...
[2015/8/6 8:44:49] - Done!
[2015/8/6 8:48:05] - Starting to fetch ATS On-hand inventory data with location via calling ATS Web Service...
[2015/8/6 10:00:00] - Starting to fetch ATS On-hand inventory data with location via calling ATS Web Service...
[2015/8/6 10:05:01] - Starting to fetch ATS On-hand inventory data with location via calling ATS Web Service...
[2015/8/6 10:05:29] - Starting to fetch ATS On-hand inventory data with location via calling ATS Web Service...
[2015/8/6 10:06:29] - Starting to fetch ATS On-hand inventory data with location via calling ATS Web Service...
[2015/8/6 10:13:04] - Done!
[2015/8/6 10:13:04] - Starting to export data into report file - D:\ATS_Report\ATS_OnhandByLocation_Report_20150806_101304.csv...
[2015/8/6 10:13:04] - Done!
[2015/8/6 11:00:00] - Starting to fetch ATS On-hand inventory data with location via calling ATS Web Service...
[2015/8/6 11:06:28] - Done!
[2015/8/6 11:06:28] - Starting to export data into report file - D:\ATS_Report\ATS_ONHANDBYLOCATION_20150806_110628.csv...
[2015/8/6 11:06:28] - Done!
[2015/8/6 12:00:00] - Starting to fetch ATS On-hand inventory data with location via calling ATS Web Service...
[2015/8/6 12:06:35] - Done!
[2015/8/6 12:06:35] - Starting to export data into report file - D:\ATS_Report\ATS_ONHANDBYLOCATION_20150806_120635.csv...
[2015/8/6 12:06:35] - Done!
[2015/8/6 13:00:03] - Starting to fetch ATS On-hand inventory data with location via calling ATS Web Service...
[2015/8/6 13:06:49] - Done!
[2015/8/6 13:06:49] - Starting to export data into report file - D:\ATS_Report\ATS_ONHANDBYLOCATION_20150806_130649.csv...
[2015/8/6 13:06:49] - Done!
[2015/8/6 14:00:01] - Starting to fetch ATS On-hand inventory data with location via calling ATS Web Service...
[2015/8/6 14:06:29] - Done!
[2015/8/6 14:06:29] - Starting to export data into report file - D:\ATS_Report\ATS_ONHANDBYLOCATION_20150806_140629.csv...
[2015/8/6 14:06:29] - Done!
[2015/8/6 15:00:09] - Starting to fetch ATS On-hand inventory data with location via calling ATS Web Service...
[2015/8/6 15:06:40] - Done!
[2015/8/6 15:06:40] - Starting to export data into report file - D:\ATS_Report\ATS_ONHANDBYLOCATION_20150806_150640.csv...
[2015/8/6 15:06:40] - Done!
[2015/8/6 17:17:55] - Starting to fetch ATS On-hand inventory data with location via calling ATS Web Service...
[2015/8/7 9:00:02] - Starting to fetch ATS On-hand inventory data with location via calling ATS Web Service...
[2015/8/7 9:06:36] - Done!
[2015/8/7 9:06:36] - Starting to export data into report file - D:\ATS_Report\ATS_ONHANDBYLOCATION_20150807_090636.csv...
[2015/8/7 9:06:36] - Done!
[2015/8/7 10:00:00] - Starting to fetch ATS On-hand inventory data with location via calling ATS Web Service...
[2015/8/7 10:06:34] - Done!
[2015/8/7 10:06:34] - Starting to export data into report file - D:\ATS_Report\ATS_ONHANDBYLOCATION_20150807_100634.csv...
[2015/8/7 10:06:34] - Done!
[2015/8/7 11:00:04] - Starting to fetch ATS On-hand inventory data with location via calling ATS Web Service...
[2015/8/7 11:20:00] - Starting to fetch ATS On-hand inventory data with location via calling ATS Web Service...
[2015/8/7 11:26:25] - Done!
[2015/8/7 11:26:25] - Starting to export data into report file - D:\ATS_Report\ATS_ONHANDBYLOCATION_20150807_112625.csv...
[2015/8/7 11:26:25] - Done!
[2015/8/7 12:44:41] - Starting to fetch ATS On-hand inventory data with location via calling ATS Web Service...
[2015/8/7 12:54:42] - Done!
[2015/8/7 12:55:47] - Starting to export data into report file - D:\ATS_Report\ATS_ONHANDBYLOCATION_20150807_125537.csv...
[2015/8/7 12:56:59] - Done!
[2015/8/7 13:20:07] - Starting to fetch ATS On-hand inventory data with location via calling ATS Web Service...
[2015/8/7 13:26:43] - Done!
[2015/8/7 13:26:43] - Starting to export data into report file - D:\ATS_Report\ATS_ONHANDBYLOCATION_20150807_132643.csv...
[2015/8/7 13:26:43] - Done!
[2015/8/7 14:20:02] - Starting to fetch ATS On-hand inventory data with location via calling ATS Web Service...
[2015/8/7 14:26:33] - Done!
[2015/8/7 14:26:33] - Starting to export data into report file - D:\ATS_Report\ATS_ONHANDBYLOCATION_20150807_142633.csv...
[2015/8/7 14:26:33] - Done!
[2015/8/7 15:57:59] - Starting to fetch ATS On-hand inventory data with location via calling ATS Web Service...
[2015/8/7 16:20:02] - Starting to fetch ATS On-hand inventory data with location via calling ATS Web Service...
[2015/8/7 17:20:01] - Starting to fetch ATS On-hand inventory data with location via calling ATS Web Service...
[2015/8/11 10:05:00] - Starting to fetch ATS In-Transit inventory data via calling ATS Web Service..
[2015/8/11 10:06:24] - Done!
[2015/8/11 10:06:24] - Starting to export data into report file - D:\ATS_Report\ATS_INTRANSIT_20150811_100624.csv...
[2015/8/11 10:06:25] - Done!
[2015/8/11 16:02:09] - Starting to fetch ATS In-Transit inventory data via calling ATS Web Service..
[2015/8/11 16:02:59] - Done!
[2015/8/11 16:02:59] - Starting to export data into report file - D:\ATS_Report\ATS_INTRANSIT_20150811_160259.csv...
[2015/8/11 16:02:59] - Done!
[2015/8/14 10:45:19] - Starting to fetch ATS On-hand inventory data with location via calling ATS Web Service...
[2015/8/14 10:52:50] - Done!
[2015/8/14 10:52:50] - Starting to export data into report file - D:\ATS_Report\ATS_OnhandByLocation_Report_20150814_105250.csv...
[2015/8/14 10:52:50] - Done!
[2015/8/14 16:27:39] - Starting to fetch ATS On-hand inventory data with location via calling ATS Web Service...
[2015/9/1 8:12:39] - Starting to fetch ATS On-hand inventory data via calling ATS Web Service...
[2015/9/1 8:13:20] - Done!
[2015/9/1 8:13:20] - Starting to export data into report file - D:\ATS_Report\ATS_OnHand_Report_20150901_081320.csv...
[2015/9/1 8:13:21] - Done!
[2015/9/16 9:35:09] - Starting to fetch ATS On-hand inventory data with location via calling ATS Web Service...
[2015/9/16 9:41:33] - Done!
[2015/9/16 9:41:33] - Starting to export data into report file - D:\ATS_Report\ATS_OnhandByLocation_Report_20150916_094133.csv...
[2015/9/16 9:41:33] - Done!
[2015/9/16 14:33:49] - Starting to fetch ATS On-hand inventory data with location via calling ATS Web Service...
[2015/9/16 14:39:09] - Done!
[2015/9/16 14:39:09] - Starting to export data into report file - D:\ATS_Report\ATS_OnhandByLocation_Report_20150916_143909.csv...
[2015/9/16 14:39:09] - Done!
[2015/9/22 13:54:37] - Starting to fetch ATS On-hand inventory data with location via calling ATS Web Service...
[2015/9/22 14:00:39] - Done!
[2015/9/22 14:00:39] - Starting to export data into report file - D:\ATS_Report\ATS_OnhandByLocation_Report_20150922_140039.csv...
[2015/9/22 14:00:39] - Done!
[2015/9/23 9:51:24] - Starting to fetch ATS On-hand inventory data via calling ATS Web Service...
[2015/9/23 9:51:49] - Done!
[2015/9/23 9:51:49] - Starting to export data into report file - D:\ATS_Report\ATS_ONHAND_20150923_095149.csv...
[2015/9/23 9:51:51] - Done!
[2015/9/23 9:51:51] - Starting to move report file to target folder - \\Ausfwdsclusfs01.aus.amer.dell.com\aus_fgi_data$\Source_Data\ATS_Report...
[2015/9/23 9:51:55] - Done!
[2015/9/23 9:55:10] - Starting to fetch ATS On-hand inventory data with location via calling ATS Web Service...
[2015/9/23 10:01:23] - Done!
[2015/9/23 10:01:23] - Starting to export data into report file - D:\ATS_Report\ATS_ONHANDBYLOCATION_20150923_100123.csv...
[2015/9/23 10:01:23] - Done!
[2015/9/23 10:01:23] - Starting to move report file to target folder - \\Ausfwdsclusfs01.aus.amer.dell.com\aus_fgi_data$\Source_Data\ATS_Report...
[2015/9/23 13:38:23] - Starting to fetch ATS On-hand inventory data with location via calling ATS Web Service...
[2015/9/23 13:44:25] - Done!
[2015/9/23 13:44:26] - Starting to export data into report file - D:\ATS_Report\ATS_OnhandByLocation_Report_20150923_134426.csv...
[2015/9/23 13:44:26] - Done!
[2015/9/23 13:44:26] - Starting to move report file to target folder - \\Ausfwdsclusfs01.aus.amer.dell.com\aus_fgi_data$\Source_Data\ATS_Report...
[2015/9/23 13:44:30] - Done!
[2015/9/24 13:25:57] - Starting to fetch ATS On-hand inventory data with location via calling ATS Web Service...
[2015/9/24 13:32:05] - Done!
[2015/9/24 13:32:05] - Starting to export data into report file - D:\ATS_Report\ATS_OnhandByLocation_Report_20150924_133205.csv...
[2015/9/24 13:32:05] - Done!
[2015/9/24 13:32:05] - Starting to move report file to target folder - \\Ausfwdsclusfs01.aus.amer.dell.com\aus_fgi_data$\Source_Data\ATS_Report...
[2015/9/24 13:32:09] - Done!
[2015/10/16 13:31:08] - Starting to fetch ATS On-hand inventory data with location via calling ATS Web Service...
[2015/10/16 13:37:38] - Done!
[2015/10/16 13:37:38] - Starting to export data into report file - D:\ATS_Report\ATS_OnhandByLocation_Report_20151016_133738.csv...
[2015/10/16 13:37:38] - Done!
[2015/10/16 13:37:38] - Starting to move report file to target folder - \\Ausfwdsclusfs01.aus.amer.dell.com\aus_fgi_data$\Source_Data\ATS_Report...
[2015/10/16 13:37:42] - Done!
[2015/10/23 13:33:00] - Starting to fetch ATS On-hand inventory data with location via calling ATS Web Service...
[2015/10/23 13:39:47] - Done!
[2015/10/23 13:39:47] - Starting to export data into report file - D:\ATS_Report\ATS_OnhandByLocation_Report_20151023_133947.csv...
[2015/10/23 13:39:47] - Done!
[2015/10/23 13:39:47] - Starting to move report file to target folder - \\Ausfwdsclusfs01.aus.amer.dell.com\aus_fgi_data$\Source_Data\ATS_Report...
[2015/10/23 13:39:51] - Done!
[2015/10/28 9:06:12] - Starting to fetch ATS On-hand inventory data via calling ATS Web Service...
[2015/10/28 9:06:38] - Done!
[2015/10/28 9:06:39] - Starting to export data into report file - D:\ATS_Report\ATS_OnHand_Report_20151028_090638.csv...
[2015/10/28 9:06:39] - Done!
[2015/10/28 9:06:39] - Starting to move report file to target folder - \\Ausfwdsclusfs01.aus.amer.dell.com\aus_fgi_data$\Source_Data\ATS_Report...
[2015/10/28 9:06:42] - Done!
[2015/10/29 8:41:12] - Starting to fetch ATS On-hand inventory data via calling ATS Web Service...
[2015/10/29 8:41:40] - Done!
[2015/10/29 8:41:40] - Starting to export data into report file - D:\ATS_Report\ATS_OnHand_Report_20151029_084140.csv...
[2015/10/29 8:41:40] - Done!
[2015/10/29 8:41:40] - Starting to move report file to target folder - \\Ausfwdsclusfs01.aus.amer.dell.com\aus_fgi_data$\Source_Data\ATS_Report...
[2015/10/29 8:41:43] - Done!
[2015/10/29 8:51:20] - Starting to fetch ATS On-hand inventory data via calling ATS Web Service...
[2015/10/29 8:51:52] - Done!
[2015/10/29 8:51:52] - Starting to export data into report file - D:\ATS_Report\ATS_ONHAND_20151029_085152.csv...
[2015/10/29 8:51:52] - Done!
[2015/10/29 8:51:52] - Starting to move report file to target folder - \\Ausfwdsclusfs01.aus.amer.dell.com\aus_fgi_data$\Source_Data\ATS_Report...
[2015/10/29 8:51:56] - Done!
[2015/10/29 9:07:34] - Starting to fetch ATS On-hand inventory data via calling ATS Web Service...
[2015/10/29 9:07:59] - Done!
[2015/10/29 9:07:59] - Starting to export data into report file - D:\ATS_Report\ATS_ONHAND_20151029_090759.csv...
[2015/10/29 9:07:59] - Done!
[2015/10/29 9:07:59] - Starting to move report file to target folder - \\Ausfwdsclusfs01.aus.amer.dell.com\aus_fgi_data$\Source_Data\ATS_Report...
[2015/10/29 9:08:02] - Done!
[2015/10/29 9:14:34] - Starting to fetch ATS On-hand inventory data via calling ATS Web Service...
[2015/10/29 9:15:01] - Done!
[2015/10/29 9:15:01] - Starting to export data into report file - D:\ATS_Report\ATS_ONHAND_20151029_091501.xlsx...
[2015/10/29 9:16:38] - Starting to fetch ATS On-hand inventory data via calling ATS Web Service...
[2015/10/29 9:17:05] - Done!
[2015/10/29 9:39:10] - Starting to export data into report file - D:\ATS_Report\ATS_OnHand_Report_20151029_091721.xlsx...
[2015/10/29 9:40:09] - Done!
[2015/10/29 9:40:11] - Starting to move report file to target folder - \\Ausfwdsclusfs01.aus.amer.dell.com\aus_fgi_data$\Source_Data\ATS_Report...
[2015/10/29 10:07:47] - Starting to fetch ATS On-hand inventory data via calling ATS Web Service...
[2015/10/29 10:08:15] - Done!
[2015/10/29 10:08:15] - Starting to export data into report file - D:\ATS_Report\ATS_ONHAND_20151029_100815.xlsx...
[2015/10/29 10:10:02] - Starting to fetch ATS On-hand inventory data via calling ATS Web Service...
[2015/10/29 10:12:42] - Starting to fetch ATS On-hand inventory data via calling ATS Web Service...
[2015/10/29 10:13:09] - Done!
[2015/10/29 10:13:09] - Starting to export data into report file - D:\ATS_Report\ATS_OnHand_Report_20151029_101309.xlsx...
[2015/10/29 10:15:05] - Starting to fetch ATS On-hand inventory data via calling ATS Web Service...
[2015/10/29 10:15:31] - Done!
[2015/10/29 10:15:31] - Starting to export data into report file - D:\ATS_Report\ATS_OnHand_Report_20151029_101531.xlsx...
[2015/10/29 10:29:19] - Starting to fetch ATS On-hand inventory data via calling ATS Web Service...
[2015/10/29 10:29:46] - Done!
[2015/10/29 10:29:46] - Starting to export data into report file - D:\ATS_Report\ATS_ONHAND_20151029_102946.xlsx...
[2015/10/29 10:29:51] - Done!
[2015/10/29 10:29:51] - Starting to move report file to target folder - \\Ausfwdsclusfs01.aus.amer.dell.com\aus_fgi_data$\Source_Data\ATS_Report...
[2015/10/29 10:29:54] - Done!
[2015/10/29 10:44:46] - Starting to fetch ATS On-hand inventory data via calling ATS Web Service...
[2015/10/29 10:48:34] - Done!
[2015/10/29 10:48:34] - Starting to export data into report file - D:\ATS_Report\ATS_OnHand_Report_20151029_104834.xlsx...
[2015/10/29 10:48:37] - Done!
[2015/10/29 10:48:37] - Starting to move report file to target folder - \\Ausfwdsclusfs01.aus.amer.dell.com\aus_fgi_data$\Source_Data\ATS_Report...
[2015/10/29 10:48:40] - Done!
[2015/10/30 13:44:14] - Starting to fetch ATS On-hand inventory data with location via calling ATS Web Service...
[2015/10/30 13:51:11] - Done!
[2015/10/30 13:51:11] - Starting to export data into report file - D:\ATS_Report\ATS_OnhandByLocation_Report_20151030_135111.xlsx...
[2015/10/30 13:51:16] - Done!
[2015/10/30 13:51:16] - Starting to move report file to target folder - \\Ausfwdsclusfs01.aus.amer.dell.com\aus_fgi_data$\Source_Data\ATS_Report...
[2015/10/30 13:51:21] - Done!
[2015/11/3 9:19:47] - Starting to fetch ATS On-hand inventory data via calling ATS Web Service...
[2015/11/3 9:20:58] - Starting to fetch ATS On-hand inventory data via calling ATS Web Service...
[2015/11/3 9:23:12] - Starting to fetch ATS On-hand inventory data via calling ATS Web Service...
[2015/11/3 9:25:11] - Starting to fetch ATS On-hand inventory data via calling ATS Web Service...
[2015/11/3 9:27:40] - Starting to fetch ATS On-hand inventory data via calling ATS Web Service...
[2015/11/3 9:28:07] - Done!
[2015/11/3 9:28:07] - Starting to export data into report file - D:\ATS_Report\ATS_OnHand_Report_20151103_092807.xlsx...
[2015/11/3 9:28:11] - Done!
[2015/11/3 9:28:11] - Starting to move report file to target folder - \\Ausfwdsclusfs01.aus.amer.dell.com\aus_fgi_data$\Source_Data\ATS_Report...
[2015/11/3 9:28:16] - Done!
[2015/11/3 9:42:02] - Starting to fetch ATS On-hand inventory data via calling ATS Web Service...
[2015/11/3 9:43:42] - Starting to fetch ATS On-hand inventory data via calling ATS Web Service...
[2015/11/3 9:44:08] - Done!
[2015/11/3 9:44:08] - Starting to export data into report file - D:\ATS_Report\ATS_OnHand_Report_20151103_094408.xlsx...
[2015/11/3 9:44:10] - Done!
[2015/11/3 9:44:10] - Starting to move report file to target folder - \\Ausfwdsclusfs01.aus.amer.dell.com\aus_fgi_data$\Source_Data\ATS_Report...
[2015/11/3 9:44:15] - Done!
[2015/11/3 9:54:15] - Starting to fetch ATS On-hand inventory data via calling ATS Web Service...
[2015/11/3 9:54:41] - Done!
[2015/11/3 9:54:41] - Starting to export data into report file - D:\ATS_Report\ATS_OnHand_Report_20151103_095441.xlsx...
[2015/11/3 9:56:13] - Starting to fetch ATS On-hand inventory data via calling ATS Web Service...
[2015/11/3 9:56:44] - Done!
[2015/11/3 9:56:44] - Starting to export data into report file - D:\ATS_Report\ATS_OnHand_Report_20151103_095644.xlsx...
[2015/11/3 9:56:46] - Done!
[2015/11/3 9:56:46] - Starting to move report file to target folder - \\Ausfwdsclusfs01.aus.amer.dell.com\aus_fgi_data$\Source_Data\ATS_Report...
[2015/11/3 9:56:49] - Done!
[2015/11/3 10:33:52] - Starting to fetch ATS On-hand inventory data via calling ATS Web Service...
[2015/11/3 10:35:37] - Starting to fetch ATS On-hand inventory data via calling ATS Web Service...
[2015/11/3 10:46:34] - Done!
[2015/11/3 10:46:34] - Starting to export data into report file - D:\ATS_Report\ATS_OnHand_Report_20151103_104634.xlsx...
[2015/11/3 10:46:37] - Done!
[2015/11/3 10:46:37] - Starting to move report file to target folder - \\Ausfwdsclusfs01.aus.amer.dell.com\aus_fgi_data$\Source_Data\ATS_Report...
[2015/11/3 10:46:41] - Done!
[1/25/2016 2:54:57 PM] - Starting to fetch ATS On-hand inventory data with location via calling ATS Web Service...
[1/26/2016 11:18:27 AM] - Starting to fetch ATS Committed Orders via calling ATS Web Service..
[1/26/2016 11:29:55 AM] - Done!
[1/26/2016 11:29:55 AM] - Starting to export data into report file - D:\ATS_Report\ATS_CommittedOrder_Report_20160126_112955.xlsx...
[1/26/2016 12:41:56 PM] - Starting to fetch ATS Committed Orders via calling ATS Web Service..
[1/26/2016 12:52:40 PM] - Done!
[1/26/2016 12:52:40 PM] - Starting to export data into report file - D:\ATS_Report\ATS_CommittedOrder_Report_20160126_125240.xlsx...
[1/26/2016 12:59:37 PM] - Starting to fetch ATS Committed Orders via calling ATS Web Service..
[1/26/2016 1:10:21 PM] - Done!
[1/26/2016 2:16:34 PM] - Done!
[1/26/2016 3:45:28 PM] - Starting to fetch ATS Committed Orders via calling ATS Web Service..
[1/26/2016 3:56:41 PM] - Done!
[1/26/2016 4:13:57 PM] - Done!
[1/27/2016 9:10:19 AM] - Starting to fetch ATS Committed Orders via calling ATS Web Service..
[1/27/2016 9:25:14 AM] - Starting to fetch ATS Committed Orders via calling ATS Web Service..
[1/27/2016 9:48:53 AM] - Done!
[1/27/2016 10:26:10 AM] - Starting to fetch ATS Committed Orders via calling ATS Web Service..
[1/27/2016 11:07:59 AM] - Done!
[1/27/2016 1:11:21 PM] - Starting to fetch ATS Committed Orders via calling ATS Web Service..
[1/27/2016 1:14:15 PM] - Done!
